2025-01-15 07:31:45 INFO  Utils:112 - [TestNG] Running:
  C:\Users\Shashi\eclipse\myworkspace\Opencart_v12\testng.xml

2025-01-15 07:31:52 INFO  TC001_Account_Registeration:15 - *****Starting TC001_Account_Registeration*******
2025-01-15 07:31:52 INFO  TC001_Account_Registeration:20 - Clicked on my account
2025-01-15 07:31:53 INFO  TC001_Account_Registeration:22 - Clicked on register
2025-01-15 07:31:53 INFO  TC001_Account_Registeration:26 - providing customer info
2025-01-15 07:31:55 INFO  TC001_Account_Registeration:41 - Validating exp message
2025-01-15 07:31:55 ERROR TC001_Account_Registeration:50 - Test failed
2025-01-15 07:32:53 INFO  Utils:112 - [TestNG] Running:
  C:\Users\Shashi\eclipse\myworkspace\Opencart_v12\testng.xml

2025-01-15 07:32:58 INFO  TC001_Account_Registeration:15 - *****Starting TC001_Account_Registeration*******
2025-01-15 07:32:59 INFO  TC001_Account_Registeration:20 - Clicked on my account
2025-01-15 07:32:59 INFO  TC001_Account_Registeration:22 - Clicked on register
2025-01-15 07:32:59 INFO  TC001_Account_Registeration:26 - providing customer info
2025-01-15 07:33:01 INFO  TC001_Account_Registeration:41 - Validating exp message
2025-01-15 07:33:21 INFO  Utils:112 - [TestNG] Running:
  C:\Users\Shashi\eclipse\myworkspace\Opencart_v12\testng.xml

2025-01-15 07:33:29 INFO  Utils:112 - [TestNG] Running:
  C:\Users\Shashi\eclipse\myworkspace\Opencart_v12\testng.xml

2025-01-15 07:33:42 INFO  TC001_Account_Registeration:15 - *****Starting TC001_Account_Registeration*******
2025-01-15 07:33:42 INFO  TC001_Account_Registeration:20 - Clicked on my account
2025-01-15 07:33:44 INFO  TC001_Account_Registeration:22 - Clicked on register
2025-01-15 07:33:44 INFO  TC001_Account_Registeration:26 - providing customer info
2025-01-15 07:33:46 INFO  TC001_Account_Registeration:15 - *****Starting TC001_Account_Registeration*******
2025-01-15 07:33:46 INFO  TC001_Account_Registeration:20 - Clicked on my account
2025-01-15 07:33:46 INFO  TC001_Account_Registeration:41 - Validating exp message
2025-01-15 07:33:47 INFO  TC001_Account_Registeration:22 - Clicked on register
2025-01-15 07:33:47 INFO  TC001_Account_Registeration:26 - providing customer info
2025-01-15 07:33:49 INFO  TC001_Account_Registeration:41 - Validating exp message
2025-01-15 07:34:05 INFO  Utils:112 - [TestNG] Running:
  C:\Users\Shashi\eclipse\myworkspace\Opencart_v12\testng.xml

2025-01-15 07:34:11 INFO  TC001_Account_Registeration:15 - *****Starting TC001_Account_Registeration*******
2025-01-15 07:34:11 INFO  TC001_Account_Registeration:20 - Clicked on my account
2025-01-15 07:34:12 INFO  TC001_Account_Registeration:22 - Clicked on register
2025-01-15 07:34:12 INFO  TC001_Account_Registeration:26 - providing customer info
2025-01-15 07:34:13 INFO  TC001_Account_Registeration:41 - Validating exp message
2025-01-15 07:34:13 ERROR TC001_Account_Registeration:50 - Test failed
2025-01-15 07:37:41 INFO  Utils:112 - [TestNG] Running:
  C:\Users\Shashi\eclipse\myworkspace\Opencart_v12\testng.xml

2025-01-15 07:37:47 INFO  TC001_Account_Registeration:15 - *****Starting TC001_Account_Registeration*******
2025-01-15 07:37:47 INFO  TC001_Account_Registeration:20 - Clicked on my account
2025-01-15 07:37:47 INFO  TC001_Account_Registeration:22 - Clicked on register
2025-01-15 07:37:47 INFO  TC001_Account_Registeration:26 - providing customer info
2025-01-15 07:37:49 INFO  TC001_Account_Registeration:41 - Validating exp message
2025-01-15 07:42:02 INFO  Utils:112 - [TestNG] Running:
  C:\Users\Shashi\eclipse\myworkspace\Opencart_v12\testng.xml

2025-01-15 07:42:08 INFO  TC001_Account_Registeration:15 - *****Starting TC001_Account_Registeration*******
2025-01-15 07:42:09 INFO  TC001_Account_Registeration:20 - Clicked on my account
2025-01-15 07:42:10 INFO  TC001_Account_Registeration:22 - Clicked on register
2025-01-15 07:42:10 INFO  TC001_Account_Registeration:26 - providing customer info
2025-01-15 07:42:11 INFO  TC001_Account_Registeration:41 - Validating exp message
2025-01-15 07:45:09 INFO  Utils:112 - [TestNG] Running:
  C:\Users\Shashi\eclipse\myworkspace\Opencart_v12\testng.xml

2025-01-15 07:45:18 INFO  TC001_Account_Registeration:15 - *****Starting TC001_Account_Registeration*******
2025-01-15 07:45:18 INFO  TC001_Account_Registeration:20 - Clicked on my account
2025-01-15 07:45:19 INFO  TC001_Account_Registeration:22 - Clicked on register
2025-01-15 07:45:19 INFO  TC001_Account_Registeration:26 - providing customer info
2025-01-15 07:45:20 INFO  TC001_Account_Registeration:41 - Validating exp message
